------------------------------------------------------------------------------------------------------------------------------------------------------
ST(GLOBAL)                                                            
Name      Type                                              Size      Offset    Initial Value                 Nested Table        
------------------------------------------------------------------------------------------------------------------------------------------------------
sum       FUNCTION                                          0         0         NIL                           ST(sum)             
main      FUNCTION                                          0         0         NIL                           ST(main)            

------------------------------------------------------------------------------------------------------------------------------------------------------
ST(sum)                                                               
Name      Type                                              Size      Offset    Initial Value                 Nested Table        
------------------------------------------------------------------------------------------------------------------------------------------------------
retval    INT                                               0         0         NIL                           NULL                
t0        INT                                               4         0         3                             NULL                
t1        INT                                               4         4         3                             NULL                
mat       MATRIX(3,3, double)                               80        8         NIL                           NULL                
s         INT                                               4         88        0                             NULL                
t2        INT                                               4         92        0                             NULL                
t3        INT                                               4         96        3                             NULL                
t4        INT                                               4         100       3                             NULL                
m         MATRIX(3,3, double)                               80        104       {1.1,2.2,3.3,4.5,5.6,6.7,4.8,6.9,5.7,}NULL                
i         INT                                               4         184       NIL                           NULL                
j         INT                                               4         188       NIL                           NULL                
t5        INT                                               4         192       0                             NULL                
t6        INT                                               4         196       2                             NULL                
t7        INT                                               4         200       NIL                           NULL                
t8        INT                                               4         204       0                             NULL                
t9        INT                                               4         208       2                             NULL                
t10       INT                                               4         212       NIL                           NULL                
t11       INT                                               4         216       NIL                           NULL                
t12       DOUBLE                                            8         220       NIL                           NULL                
t13       DOUBLE                                            8         228       NIL                           NULL                
t14       DOUBLE                                            8         236       NIL                           NULL                
t15       INT                                               4         244       NIL                           NULL                
t16       DOUBLE                                            8         248       NIL                           NULL                
t17       DOUBLE                                            8         256       NIL                           NULL                
t18       INT                                               4         264       NIL                           NULL                

------------------------------------------------------------------------------------------------------------------------------------------------------
ST(main)                                                              
Name      Type                                              Size      Offset    Initial Value                 Nested Table        
------------------------------------------------------------------------------------------------------------------------------------------------------
retval    INT                                               0         0         NIL                           NULL                
t19       INT                                               4         0         3                             NULL                
t20       INT                                               4         4         3                             NULL                
mat       MATRIX(3,3, double)                               80        8         {0,0,0,0,0,0,0,0,0,}          NULL                
a         INT                                               4         88        NIL                           NULL                
b         INT                                               4         92        NIL                           NULL                
t21       INT                                               4         96        10                            NULL                
t22       INT                                               4         100       9                             NULL                
c         INT                                               4         104       NIL                           NULL                
t23       INT                                               4         108       NIL                           NULL                
t24       INT                                               4         112       0                             NULL                
t25       INT                                               4         116       NIL                           NULL                
t         INT                                               4         120       9                             NULL                
t26       INT                                               4         124       9                             NULL                
t27       INT                                               4         128       0                             NULL                
t28       INT                                               4         132       5                             NULL                
t29       INT                                               4         136       6                             NULL                
t30       INT                                               4         140       NIL                           NULL                
t31       INT                                               4         144       1                             NULL                
t32       INT                                               4         148       NIL                           NULL                
t33       CHAR                                              1         152       a                             NULL                
t34       INT                                               4         153       NIL                           NULL                
t35       INT                                               4         157       NIL                           NULL                
t36       INT                                               4         161       NIL                           NULL                
t37       INT                                               4         165       0                             NULL                
t38       INT                                               4         169       4                             NULL                
t39       INT                                               4         173       3                             NULL                
t40       INT                                               4         177       0                             NULL                

0000 : sum:
0001 : t0 = 3
0002 : t1 = 3
0003 : t2 = 0
0004 : s = t2
0005 : t3 = 3
0006 : t4 = 3
0007 : t5 = 0
0008 : i = t5
0009 : t6 = 2
0010 : if i<t6 goto 16
0011 : goto 44
0012 : goto 44
0013 : t7 = i
0014 : i = i+1
0015 : goto 9
0016 : t8 = 0
0017 : j = t8
0018 : t9 = 2
0019 : if j<t9 goto 25
0020 : goto 13
0021 : goto 43
0022 : t10 = j
0023 : j = j+1
0024 : goto 18
0025 : t11 = m[4]
0026 : t11 = i*t11
0027 : t11 = t11+j
0028 : t11 = t11*8
0029 : t11 = t11+8
0030 : t12 = m[t11]
0031 : t13 = (double)s
0032 : t14 = t13+t12
0033 : t15 = mat[4]
0034 : t15 = i*t15
0035 : t15 = t15+j
0036 : t15 = t15*8
0037 : t15 = t15+8
0038 : t16 = mat[t15]
0039 : t17 = t14+t16
0040 : t18 = (int)t17
0041 : s = t18
0042 : goto 22
0043 : goto 13
0044 : return s
0045 : main:
0046 : t19 = 3
0047 : t20 = 3
0048 : t21 = 10
0049 : a = t21
0050 : t22 = 9
0051 : b = t22
0052 : if a>b goto 55
0053 : goto 58
0054 : goto 64
0055 : param mat
0056 : t23 = call sum,1
0057 : goto 60
0058 : t24 = 0
0059 : goto 62
0060 : t25 = t23
0061 : goto 64
0062 : t25 = t24
0063 : goto 64
0064 : c = t25
0065 : t26 = 9
0066 : t = t26
0067 : t27 = 0
0068 : if c==t27 goto 70
0069 : goto 85
0070 : t28 = 5
0071 : t29 = 6
0072 : if t28>t29 goto 75
0073 : goto 85
0074 : goto 99
0075 : t30 = t
0076 : t = t-1
0077 : goto 82
0078 : t31 = 1
0079 : t32 = c+t31
0080 : c = t32
0081 : goto 75
0082 : if t30 goto 78
0083 : goto 99
0084 : goto 99
0085 : t33 = a
0086 : t34 = (int)t33
0087 : t35 = c+t34
0088 : c = t35
0089 : t36 = t
0090 : t = t-1
0091 : t37 = 0
0092 : if t<=t37 goto 85
0093 : goto 94
0094 : t38 = 4
0095 : t39 = 3
0096 : if t38>t39 goto 85
0097 : goto 99
0098 : goto 99
0099 : t40 = 0
0100 : return t40
